<?xml version="1.0" encoding="UTF-8"?>
<testsuite xmlns:xsi="http://www.w3.org/2001/XMLSchema-instance" xsi:noNamespaceSchemaLocation="https://maven.apache.org/surefire/maven-surefire-plugin/xsd/surefire-test-report-3.0.xsd" version="3.0" name="learn.kafka.ApplicationTest" time="5.475" tests="2" errors="1" skipped="0" failures="0">
  <properties>
[...]
</properties>
  <testcase name="shouldRespondWithHelloMessage" classname="learn.kafka.ApplicationTest" time="2.318">
    <error message="Error while extracting response for type [class learn.kafka.dto.HelloDTO] and content type [application/json]" type="org.springframework.web.client.RestClientException"><![CDATA[org.springframework.web.client.RestClientException: Error while extracting response for type [class learn.kafka.dto.HelloDTO] and content type [application/json]
	at org.springframework.web.client.HttpMessageConverterExtractor.extractData(HttpMessageConverterExtractor.java:118)
	at org.springframework.web.client.RestTemplate.doExecute(RestTemplate.java:882)
	at org.springframework.web.client.RestTemplate.execute(RestTemplate.java:781)
	at org.springframework.web.client.RestTemplate.getForObject(RestTemplate.java:395)
	at org.springframework.boot.test.web.client.TestRestTemplate.getForObject(TestRestTemplate.java:199)
	at learn.kafka.ApplicationTest.shouldRespondWithHelloMessage(ApplicationTest.java:30)
	at java.base/java.lang.reflect.Method.invoke(Method.java:568)
	at java.base/java.util.ArrayList.forEach(ArrayList.java:1511)
	at java.base/java.util.ArrayList.forEach(ArrayList.java:1511)
Caused by: org.springframework.http.converter.HttpMessageNotReadableException: JSON parse error: Unrecognized token 'Hello': was expecting (JSON String, Number, Array, Object or token 'null', 'true' or 'false')
	at org.springframework.http.converter.json.AbstractJackson2HttpMessageConverter.readJavaType(AbstractJackson2HttpMessageConverter.java:406)
	at org.springframework.http.converter.json.AbstractJackson2HttpMessageConverter.read(AbstractJackson2HttpMessageConverter.java:354)
	at org.springframework.web.client.HttpMessageConverterExtractor.extractData(HttpMessageConverterExtractor.java:103)
	... 8 more
Caused by: com.fasterxml.jackson.core.JsonParseException: Unrecognized token 'Hello': was expecting (JSON String, Number, Array, Object or token 'null', 'true' or 'false')
 at [Source: (org.springframework.util.StreamUtils$NonClosingInputStream); line: 1, column: 7]
	at com.fasterxml.jackson.core.JsonParser._constructError(JsonParser.java:2477)
	at com.fasterxml.jackson.core.base.ParserMinimalBase._reportError(ParserMinimalBase.java:760)
	at com.fasterxml.jackson.core.json.UTF8StreamJsonParser._reportInvalidToken(UTF8StreamJsonParser.java:3699)
	at com.fasterxml.jackson.core.json.UTF8StreamJsonParser._handleUnexpectedValue(UTF8StreamJsonParser.java:2787)
	at com.fasterxml.jackson.core.json.UTF8StreamJsonParser._nextTokenNotInObject(UTF8StreamJsonParser.java:908)
	at com.fasterxml.jackson.core.json.UTF8StreamJsonParser.nextToken(UTF8StreamJsonParser.java:794)
	at com.fasterxml.jackson.databind.ObjectReader._initForReading(ObjectReader.java:357)
	at com.fasterxml.jackson.databind.ObjectReader._bindAndClose(ObjectReader.java:2095)
	at com.fasterxml.jackson.databind.ObjectReader.readValue(ObjectReader.java:1481)
	at org.springframework.http.converter.json.AbstractJackson2HttpMessageConverter.readJavaType(AbstractJackson2HttpMessageConverter.java:395)
	... 10 more
]]></error>
    <system-out><![CDATA[14:12:30.919 [main] INFO org.springframework.test.context.support.AnnotationConfigContextLoaderUtils -- Could not detect default configuration classes for test class [learn.kafka.ApplicationTest]: ApplicationTest does not declare any static, non-private, non-final, nested classes annotated with @Configuration.
14:12:31.019 [main] INFO org.springframework.boot.test.context.SpringBootTestContextBootstrapper -- Found @SpringBootConfiguration learn.kafka.Application for test class learn.kafka.ApplicationTest
14:12:31.197 [main] INFO org.springframework.boot.devtools.restart.RestartApplicationListener -- Restart disabled due to context in which it is running

  .   ____          _            __ _ _
 /\\ / ___'_ __ _ _(_)_ __  __ _ \ \ \ \
( ( )\___ | '_ | '_| | '_ \/ _` | \ \ \ \
 \\/  ___)| |_)| | | | | || (_| |  ) ) ) )
  '  |____| .__|_| |_|_| |_\__, | / / / /
 =========|_|==============|___/=/_/_/_/
 :: Spring Boot ::                (v3.2.2)

2024-05-19T14:12:31.440+05:30  INFO 21720 --- [           main] learn.kafka.ApplicationTest              : Starting ApplicationTest using Java 17.0.10 with PID 21720 (started by coder in C:\Programs\KafkaProject\kafka)
2024-05-19T14:12:31.442+05:30  INFO 21720 --- [           main] learn.kafka.ApplicationTest              : No active profile set, falling back to 1 default profile: "default"
2024-05-19T14:12:32.655+05:30  INFO 21720 --- [           main] o.s.b.w.embedded.tomcat.TomcatWebServer  : Tomcat initialized with port 0 (http)
2024-05-19T14:12:32.667+05:30  INFO 21720 --- [           main] o.apache.catalina.core.StandardService   : Starting service [Tomcat]
2024-05-19T14:12:32.667+05:30  INFO 21720 --- [           main] o.apache.catalina.core.StandardEngine    : Starting Servlet engine: [Apache Tomcat/10.1.18]
2024-05-19T14:12:32.744+05:30  INFO 21720 --- [           main] o.a.c.c.C.[Tomcat].[localhost].[/]       : Initializing Spring embedded WebApplicationContext
2024-05-19T14:12:32.745+05:30  INFO 21720 --- [           main] w.s.c.ServletWebServerApplicationContext : Root WebApplicationContext: initialization completed in 1285 ms
2024-05-19T14:12:33.919+05:30  INFO 21720 --- [           main] o.s.b.w.embedded.tomcat.TomcatWebServer  : Tomcat started on port 51840 (http) with context path ''
2024-05-19T14:12:33.933+05:30  INFO 21720 --- [           main] learn.kafka.ApplicationTest              : Started ApplicationTest in 2.75 seconds (process running for 3.848)
2024-05-19T14:12:35.051+05:30  INFO 21720 --- [o-auto-1-exec-1] o.a.c.c.C.[Tomcat].[localhost].[/]       : Initializing Spring DispatcherServlet 'dispatcherServlet'
2024-05-19T14:12:35.051+05:30  INFO 21720 --- [o-auto-1-exec-1] o.s.web.servlet.DispatcherServlet        : Initializing Servlet 'dispatcherServlet'
2024-05-19T14:12:35.052+05:30  INFO 21720 --- [o-auto-1-exec-1] o.s.web.servlet.DispatcherServlet        : Completed initialization in 1 ms
Producer is sending message to consumer, Message is: 0: Hello Ankit, Kafka learning
2024-05-19T14:12:35.116+05:30  INFO 21720 --- [o-auto-1-exec-1] o.a.k.clients.producer.ProducerConfig    : ProducerConfig values: 
	acks = -1
	auto.include.jmx.reporter = true
	batch.size = 16384
	bootstrap.servers = [localhost:9092]
	buffer.memory = 33554432
	client.dns.lookup = use_all_dns_ips
	client.id = producer-1
	compression.type = none
	connections.max.idle.ms = 540000
	delivery.timeout.ms = 120000
	enable.idempotence = true
	interceptor.classes = []
	key.serializer = class org.apache.kafka.common.serialization.StringSerializer
	linger.ms = 0
	max.block.ms = 60000
	max.in.flight.requests.per.connection = 5
	max.request.size = 1048576
	metadata.max.age.ms = 300000
	metadata.max.idle.ms = 300000
	metric.reporters = []
	metrics.num.samples = 2
	metrics.recording.level = INFO
	metrics.sample.window.ms = 30000
	partitioner.adaptive.partitioning.enable = true
	partitioner.availability.timeout.ms = 0
	partitioner.class = null
	partitioner.ignore.keys = false
	receive.buffer.bytes = 32768
	reconnect.backoff.max.ms = 1000
	reconnect.backoff.ms = 50
	request.timeout.ms = 30000
	retries = 2147483647
	retry.backoff.ms = 100
	sasl.client.callback.handler.class = null
	sasl.jaas.config = null
	sasl.kerberos.kinit.cmd = /usr/bin/kinit
	sasl.kerberos.min.time.before.relogin = 60000
	sasl.kerberos.service.name = null
	sasl.kerberos.ticket.renew.jitter = 0.05
	sasl.kerberos.ticket.renew.window.factor = 0.8
	sasl.login.callback.handler.class = null
	sasl.login.class = null
	sasl.login.connect.timeout.ms = null
	sasl.login.read.timeout.ms = null
	sasl.login.refresh.buffer.seconds = 300
	sasl.login.refresh.min.period.seconds = 60
	sasl.login.refresh.window.factor = 0.8
	sasl.login.refresh.window.jitter = 0.05
	sasl.login.retry.backoff.max.ms = 10000
	sasl.login.retry.backoff.ms = 100
	sasl.mechanism = GSSAPI
	sasl.oauthbearer.clock.skew.seconds = 30
	sasl.oauthbearer.expected.audience = null
	sasl.oauthbearer.expected.issuer = null
	sasl.oauthbearer.jwks.endpoint.refresh.ms = 3600000
	sasl.oauthbearer.jwks.endpoint.retry.backoff.max.ms = 10000
	sasl.oauthbearer.jwks.endpoint.retry.backoff.ms = 100
	sasl.oauthbearer.jwks.endpoint.url = null
	sasl.oauthbearer.scope.claim.name = scope
	sasl.oauthbearer.sub.claim.name = sub
	sasl.oauthbearer.token.endpoint.url = null
	security.protocol = PLAINTEXT
	security.providers = null
	send.buffer.bytes = 131072
	socket.connection.setup.timeout.max.ms = 30000
	socket.connection.setup.timeout.ms = 10000
	ssl.cipher.suites = null
	ssl.enabled.protocols = [TLSv1.2, TLSv1.3]
	ssl.endpoint.identification.algorithm = https
	ssl.engine.factory.class = null
	ssl.key.password = null
	ssl.keymanager.algorithm = SunX509
	ssl.keystore.certificate.chain = null
	ssl.keystore.key = null
	ssl.keystore.location = null
	ssl.keystore.password = null
	ssl.keystore.type = JKS
	ssl.protocol = TLSv1.3
	ssl.provider = null
	ssl.secure.random.implementation = null
	ssl.trustmanager.algorithm = PKIX
	ssl.truststore.certificates = null
	ssl.truststore.location = null
	ssl.truststore.password = null
	ssl.truststore.type = JKS
	transaction.timeout.ms = 60000
	transactional.id = null
	value.serializer = class org.apache.kafka.common.serialization.StringSerializer

2024-05-19T14:12:35.186+05:30  INFO 21720 --- [o-auto-1-exec-1] o.a.k.clients.producer.KafkaProducer     : [Producer clientId=producer-1] Instantiated an idempotent producer.
2024-05-19T14:12:35.236+05:30  INFO 21720 --- [o-auto-1-exec-1] o.a.kafka.common.utils.AppInfoParser     : Kafka version: 3.6.1
2024-05-19T14:12:35.237+05:30  INFO 21720 --- [o-auto-1-exec-1] o.a.kafka.common.utils.AppInfoParser     : Kafka commitId: 5e3c2b738d253ff5
2024-05-19T14:12:35.237+05:30  INFO 21720 --- [o-auto-1-exec-1] o.a.kafka.common.utils.AppInfoParser     : Kafka startTimeMs: 1716108155234
2024-05-19T14:12:35.735+05:30  INFO 21720 --- [ad | producer-1] org.apache.kafka.clients.Metadata        : [Producer clientId=producer-1] Cluster ID: 9cVBCDMISQu3asP-op2pKw
Synchronous producer completed.
2024-05-19T14:12:35.756+05:30  INFO 21720 --- [o-auto-1-exec-1] o.a.k.clients.producer.KafkaProducer     : [Producer clientId=producer-1] Closing the Kafka producer with timeoutMillis = 9223372036854775807 ms.
2024-05-19T14:12:35.852+05:30  INFO 21720 --- [ad | producer-1] o.a.k.c.p.internals.TransactionManager   : [Producer clientId=producer-1] ProducerId set to 2000 with epoch 0
Asynchronous Produer call success:2024-05-19T14:12:35.996+05:30  INFO 21720 --- [o-auto-1-exec-1] o.apache.kafka.common.metrics.Metrics    : Metrics scheduler closed
2024-05-19T14:12:35.996+05:30  INFO 21720 --- [o-auto-1-exec-1] o.apache.kafka.common.metrics.Metrics    : Closing reporter org.apache.kafka.common.metrics.JmxReporter
2024-05-19T14:12:35.997+05:30  INFO 21720 --- [o-auto-1-exec-1] o.apache.kafka.common.metrics.Metrics    : Metrics reporters closed
2024-05-19T14:12:35.997+05:30  INFO 21720 --- [o-auto-1-exec-1] o.a.kafka.common.utils.AppInfoParser     : App info kafka.producer for producer-1 unregistered
Producer has sent the messageProducer is sending message to consumer, Message is: 1: Hello Ankit, Kafka learning
2024-05-19T14:12:35.998+05:30  INFO 21720 --- [o-auto-1-exec-1] o.a.k.clients.producer.ProducerConfig    : ProducerConfig values: 
	acks = -1
	auto.include.jmx.reporter = true
	batch.size = 16384
	bootstrap.servers = [localhost:9092]
	buffer.memory = 33554432
	client.dns.lookup = use_all_dns_ips
	client.id = producer-2
	compression.type = none
	connections.max.idle.ms = 540000
	delivery.timeout.ms = 120000
	enable.idempotence = true
	interceptor.classes = []
	key.serializer = class org.apache.kafka.common.serialization.StringSerializer
	linger.ms = 0
	max.block.ms = 60000
	max.in.flight.requests.per.connection = 5
	max.request.size = 1048576
	metadata.max.age.ms = 300000
	metadata.max.idle.ms = 300000
	metric.reporters = []
	metrics.num.samples = 2
	metrics.recording.level = INFO
	metrics.sample.window.ms = 30000
	partitioner.adaptive.partitioning.enable = true
	partitioner.availability.timeout.ms = 0
	partitioner.class = null
	partitioner.ignore.keys = false
	receive.buffer.bytes = 32768
	reconnect.backoff.max.ms = 1000
	reconnect.backoff.ms = 50
	request.timeout.ms = 30000
	retries = 2147483647
	retry.backoff.ms = 100
	sasl.client.callback.handler.class = null
	sasl.jaas.config = null
	sasl.kerberos.kinit.cmd = /usr/bin/kinit
	sasl.kerberos.min.time.before.relogin = 60000
	sasl.kerberos.service.name = null
	sasl.kerberos.ticket.renew.jitter = 0.05
	sasl.kerberos.ticket.renew.window.factor = 0.8
	sasl.login.callback.handler.class = null
	sasl.login.class = null
	sasl.login.connect.timeout.ms = null
	sasl.login.read.timeout.ms = null
	sasl.login.refresh.buffer.seconds = 300
	sasl.login.refresh.min.period.seconds = 60
	sasl.login.refresh.window.factor = 0.8
	sasl.login.refresh.window.jitter = 0.05
	sasl.login.retry.backoff.max.ms = 10000
	sasl.login.retry.backoff.ms = 100
	sasl.mechanism = GSSAPI
	sasl.oauthbearer.clock.skew.seconds = 30
	sasl.oauthbearer.expected.audience = null
	sasl.oauthbearer.expected.issuer = null
	sasl.oauthbearer.jwks.endpoint.refresh.ms = 3600000
	sasl.oauthbearer.jwks.endpoint.retry.backoff.max.ms = 10000
	sasl.oauthbearer.jwks.endpoint.retry.backoff.ms = 100
	sasl.oauthbearer.jwks.endpoint.url = null
	sasl.oauthbearer.scope.claim.name = scope
	sasl.oauthbearer.sub.claim.name = sub
	sasl.oauthbearer.token.endpoint.url = null
	security.protocol = PLAINTEXT
	security.providers = null
	send.buffer.bytes = 131072
	socket.connection.setup.timeout.max.ms = 30000
	socket.connection.setup.timeout.ms = 10000
	ssl.cipher.suites = null
	ssl.enabled.protocols = [TLSv1.2, TLSv1.3]
	ssl.endpoint.identification.algorithm = https
	ssl.engine.factory.class = null
	ssl.key.password = null
	ssl.keymanager.algorithm = SunX509
	ssl.keystore.certificate.chain = null
	ssl.keystore.key = null
	ssl.keystore.location = null
	ssl.keystore.password = null
	ssl.keystore.type = JKS
	ssl.protocol = TLSv1.3
	ssl.provider = null
	ssl.secure.random.implementation = null
	ssl.trustmanager.algorithm = PKIX
	ssl.truststore.certificates = null
	ssl.truststore.location = null
	ssl.truststore.password = null
	ssl.truststore.type = JKS
	transaction.timeout.ms = 60000
	transactional.id = null
	value.serializer = class org.apache.kafka.common.serialization.StringSerializer

2024-05-19T14:12:35.999+05:30  INFO 21720 --- [o-auto-1-exec-1] o.a.k.clients.producer.KafkaProducer     : [Producer clientId=producer-2] Instantiated an idempotent producer.
2024-05-19T14:12:36.004+05:30  INFO 21720 --- [o-auto-1-exec-1] o.a.kafka.common.utils.AppInfoParser     : Kafka version: 3.6.1
2024-05-19T14:12:36.004+05:30  INFO 21720 --- [o-auto-1-exec-1] o.a.kafka.common.utils.AppInfoParser     : Kafka commitId: 5e3c2b738d253ff5
2024-05-19T14:12:36.004+05:30  INFO 21720 --- [o-auto-1-exec-1] o.a.kafka.common.utils.AppInfoParser     : Kafka startTimeMs: 1716108156004
2024-05-19T14:12:36.013+05:30  INFO 21720 --- [ad | producer-2] org.apache.kafka.clients.Metadata        : [Producer clientId=producer-2] Cluster ID: 9cVBCDMISQu3asP-op2pKw
Synchronous producer completed.
2024-05-19T14:12:36.014+05:30  INFO 21720 --- [o-auto-1-exec-1] o.a.k.clients.producer.KafkaProducer     : [Producer clientId=producer-2] Closing the Kafka producer with timeoutMillis = 9223372036854775807 ms.
2024-05-19T14:12:36.014+05:30  INFO 21720 --- [ad | producer-2] o.a.k.c.p.internals.TransactionManager   : [Producer clientId=producer-2] ProducerId set to 2001 with epoch 0
Asynchronous Produer call success:2024-05-19T14:12:36.027+05:30  INFO 21720 --- [o-auto-1-exec-1] o.apache.kafka.common.metrics.Metrics    : Metrics scheduler closed
2024-05-19T14:12:36.027+05:30  INFO 21720 --- [o-auto-1-exec-1] o.apache.kafka.common.metrics.Metrics    : Closing reporter org.apache.kafka.common.metrics.JmxReporter
2024-05-19T14:12:36.027+05:30  INFO 21720 --- [o-auto-1-exec-1] o.apache.kafka.common.metrics.Metrics    : Metrics reporters closed
2024-05-19T14:12:36.027+05:30  INFO 21720 --- [o-auto-1-exec-1] o.a.kafka.common.utils.AppInfoParser     : App info kafka.producer for producer-2 unregistered
Producer has sent the messageProducer is sending message to consumer, Message is: 2: Hello Ankit, Kafka learning
2024-05-19T14:12:36.028+05:30  INFO 21720 --- [o-auto-1-exec-1] o.a.k.clients.producer.ProducerConfig    : ProducerConfig values: 
	acks = -1
	auto.include.jmx.reporter = true
	batch.size = 16384
	bootstrap.servers = [localhost:9092]
	buffer.memory = 33554432
	client.dns.lookup = use_all_dns_ips
	client.id = producer-3
	compression.type = none
	connections.max.idle.ms = 540000
	delivery.timeout.ms = 120000
	enable.idempotence = true
	interceptor.classes = []
	key.serializer = class org.apache.kafka.common.serialization.StringSerializer
	linger.ms = 0
	max.block.ms = 60000
	max.in.flight.requests.per.connection = 5
	max.request.size = 1048576
	metadata.max.age.ms = 300000
	metadata.max.idle.ms = 300000
	metric.reporters = []
	metrics.num.samples = 2
	metrics.recording.level = INFO
	metrics.sample.window.ms = 30000
	partitioner.adaptive.partitioning.enable = true
	partitioner.availability.timeout.ms = 0
	partitioner.class = null
	partitioner.ignore.keys = false
	receive.buffer.bytes = 32768
	reconnect.backoff.max.ms = 1000
	reconnect.backoff.ms = 50
	request.timeout.ms = 30000
	retries = 2147483647
	retry.backoff.ms = 100
	sasl.client.callback.handler.class = null
	sasl.jaas.config = null
	sasl.kerberos.kinit.cmd = /usr/bin/kinit
	sasl.kerberos.min.time.before.relogin = 60000
	sasl.kerberos.service.name = null
	sasl.kerberos.ticket.renew.jitter = 0.05
	sasl.kerberos.ticket.renew.window.factor = 0.8
	sasl.login.callback.handler.class = null
	sasl.login.class = null
	sasl.login.connect.timeout.ms = null
	sasl.login.read.timeout.ms = null
	sasl.login.refresh.buffer.seconds = 300
	sasl.login.refresh.min.period.seconds = 60
	sasl.login.refresh.window.factor = 0.8
	sasl.login.refresh.window.jitter = 0.05
	sasl.login.retry.backoff.max.ms = 10000
	sasl.login.retry.backoff.ms = 100
	sasl.mechanism = GSSAPI
	sasl.oauthbearer.clock.skew.seconds = 30
	sasl.oauthbearer.expected.audience = null
	sasl.oauthbearer.expected.issuer = null
	sasl.oauthbearer.jwks.endpoint.refresh.ms = 3600000
	sasl.oauthbearer.jwks.endpoint.retry.backoff.max.ms = 10000
	sasl.oauthbearer.jwks.endpoint.retry.backoff.ms = 100
	sasl.oauthbearer.jwks.endpoint.url = null
	sasl.oauthbearer.scope.claim.name = scope
	sasl.oauthbearer.sub.claim.name = sub
	sasl.oauthbearer.token.endpoint.url = null
	security.protocol = PLAINTEXT
	security.providers = null
	send.buffer.bytes = 131072
	socket.connection.setup.timeout.max.ms = 30000
	socket.connection.setup.timeout.ms = 10000
	ssl.cipher.suites = null
	ssl.enabled.protocols = [TLSv1.2, TLSv1.3]
	ssl.endpoint.identification.algorithm = https
	ssl.engine.factory.class = null
	ssl.key.password = null
	ssl.keymanager.algorithm = SunX509
	ssl.keystore.certificate.chain = null
	ssl.keystore.key = null
	ssl.keystore.location = null
	ssl.keystore.password = null
	ssl.keystore.type = JKS
	ssl.protocol = TLSv1.3
	ssl.provider = null
	ssl.secure.random.implementation = null
	ssl.trustmanager.algorithm = PKIX
	ssl.truststore.certificates = null
	ssl.truststore.location = null
	ssl.truststore.password = null
	ssl.truststore.type = JKS
	transaction.timeout.ms = 60000
	transactional.id = null
	value.serializer = class org.apache.kafka.common.serialization.StringSerializer

2024-05-19T14:12:36.029+05:30  INFO 21720 --- [o-auto-1-exec-1] o.a.k.clients.producer.KafkaProducer     : [Producer clientId=producer-3] Instantiated an idempotent producer.
2024-05-19T14:12:36.032+05:30  INFO 21720 --- [o-auto-1-exec-1] o.a.kafka.common.utils.AppInfoParser     : Kafka version: 3.6.1
2024-05-19T14:12:36.032+05:30  INFO 21720 --- [o-auto-1-exec-1] o.a.kafka.common.utils.AppInfoParser     : Kafka commitId: 5e3c2b738d253ff5
2024-05-19T14:12:36.032+05:30  INFO 21720 --- [o-auto-1-exec-1] o.a.kafka.common.utils.AppInfoParser     : Kafka startTimeMs: 1716108156032
2024-05-19T14:12:36.038+05:30  INFO 21720 --- [ad | producer-3] org.apache.kafka.clients.Metadata        : [Producer clientId=producer-3] Cluster ID: 9cVBCDMISQu3asP-op2pKw
Synchronous producer completed.
2024-05-19T14:12:36.039+05:30  INFO 21720 --- [o-auto-1-exec-1] o.a.k.clients.producer.KafkaProducer     : [Producer clientId=producer-3] Closing the Kafka producer with timeoutMillis = 9223372036854775807 ms.
2024-05-19T14:12:36.039+05:30  INFO 21720 --- [ad | producer-3] o.a.k.c.p.internals.TransactionManager   : [Producer clientId=producer-3] ProducerId set to 2002 with epoch 0
Asynchronous Produer call success:2024-05-19T14:12:36.048+05:30  INFO 21720 --- [o-auto-1-exec-1] o.apache.kafka.common.metrics.Metrics    : Metrics scheduler closed
2024-05-19T14:12:36.049+05:30  INFO 21720 --- [o-auto-1-exec-1] o.apache.kafka.common.metrics.Metrics    : Closing reporter org.apache.kafka.common.metrics.JmxReporter
2024-05-19T14:12:36.049+05:30  INFO 21720 --- [o-auto-1-exec-1] o.apache.kafka.common.metrics.Metrics    : Metrics reporters closed
2024-05-19T14:12:36.049+05:30  INFO 21720 --- [o-auto-1-exec-1] o.a.kafka.common.utils.AppInfoParser     : App info kafka.producer for producer-3 unregistered
Producer has sent the messageProducer is sending message to consumer, Message is: 3: Hello Ankit, Kafka learning
2024-05-19T14:12:36.049+05:30  INFO 21720 --- [o-auto-1-exec-1] o.a.k.clients.producer.ProducerConfig    : ProducerConfig values: 
	acks = -1
	auto.include.jmx.reporter = true
	batch.size = 16384
	bootstrap.servers = [localhost:9092]
	buffer.memory = 33554432
	client.dns.lookup = use_all_dns_ips
	client.id = producer-4
	compression.type = none
	connections.max.idle.ms = 540000
	delivery.timeout.ms = 120000
	enable.idempotence = true
	interceptor.classes = []
	key.serializer = class org.apache.kafka.common.serialization.StringSerializer
	linger.ms = 0
	max.block.ms = 60000
	max.in.flight.requests.per.connection = 5
	max.request.size = 1048576
	metadata.max.age.ms = 300000
	metadata.max.idle.ms = 300000
	metric.reporters = []
	metrics.num.samples = 2
	metrics.recording.level = INFO
	metrics.sample.window.ms = 30000
	partitioner.adaptive.partitioning.enable = true
	partitioner.availability.timeout.ms = 0
	partitioner.class = null
	partitioner.ignore.keys = false
	receive.buffer.bytes = 32768
	reconnect.backoff.max.ms = 1000
	reconnect.backoff.ms = 50
	request.timeout.ms = 30000
	retries = 2147483647
	retry.backoff.ms = 100
	sasl.client.callback.handler.class = null
	sasl.jaas.config = null
	sasl.kerberos.kinit.cmd = /usr/bin/kinit
	sasl.kerberos.min.time.before.relogin = 60000
	sasl.kerberos.service.name = null
	sasl.kerberos.ticket.renew.jitter = 0.05
	sasl.kerberos.ticket.renew.window.factor = 0.8
	sasl.login.callback.handler.class = null
	sasl.login.class = null
	sasl.login.connect.timeout.ms = null
	sasl.login.read.timeout.ms = null
	sasl.login.refresh.buffer.seconds = 300
	sasl.login.refresh.min.period.seconds = 60
	sasl.login.refresh.window.factor = 0.8
	sasl.login.refresh.window.jitter = 0.05
	sasl.login.retry.backoff.max.ms = 10000
	sasl.login.retry.backoff.ms = 100
	sasl.mechanism = GSSAPI
	sasl.oauthbearer.clock.skew.seconds = 30
	sasl.oauthbearer.expected.audience = null
	sasl.oauthbearer.expected.issuer = null
	sasl.oauthbearer.jwks.endpoint.refresh.ms = 3600000
	sasl.oauthbearer.jwks.endpoint.retry.backoff.max.ms = 10000
	sasl.oauthbearer.jwks.endpoint.retry.backoff.ms = 100
	sasl.oauthbearer.jwks.endpoint.url = null
	sasl.oauthbearer.scope.claim.name = scope
	sasl.oauthbearer.sub.claim.name = sub
	sasl.oauthbearer.token.endpoint.url = null
	security.protocol = PLAINTEXT
	security.providers = null
	send.buffer.bytes = 131072
	socket.connection.setup.timeout.max.ms = 30000
	socket.connection.setup.timeout.ms = 10000
	ssl.cipher.suites = null
	ssl.enabled.protocols = [TLSv1.2, TLSv1.3]
	ssl.endpoint.identification.algorithm = https
	ssl.engine.factory.class = null
	ssl.key.password = null
	ssl.keymanager.algorithm = SunX509
	ssl.keystore.certificate.chain = null
	ssl.keystore.key = null
	ssl.keystore.location = null
	ssl.keystore.password = null
	ssl.keystore.type = JKS
	ssl.protocol = TLSv1.3
	ssl.provider = null
	ssl.secure.random.implementation = null
	ssl.trustmanager.algorithm = PKIX
	ssl.truststore.certificates = null
	ssl.truststore.location = null
	ssl.truststore.password = null
	ssl.truststore.type = JKS
	transaction.timeout.ms = 60000
	transactional.id = null
	value.serializer = class org.apache.kafka.common.serialization.StringSerializer

2024-05-19T14:12:36.051+05:30  INFO 21720 --- [o-auto-1-exec-1] o.a.k.clients.producer.KafkaProducer     : [Producer clientId=producer-4] Instantiated an idempotent producer.
2024-05-19T14:12:36.054+05:30  INFO 21720 --- [o-auto-1-exec-1] o.a.kafka.common.utils.AppInfoParser     : Kafka version: 3.6.1
2024-05-19T14:12:36.054+05:30  INFO 21720 --- [o-auto-1-exec-1] o.a.kafka.common.utils.AppInfoParser     : Kafka commitId: 5e3c2b738d253ff5
2024-05-19T14:12:36.054+05:30  INFO 21720 --- [o-auto-1-exec-1] o.a.kafka.common.utils.AppInfoParser     : Kafka startTimeMs: 1716108156054
2024-05-19T14:12:36.059+05:30  INFO 21720 --- [ad | producer-4] org.apache.kafka.clients.Metadata        : [Producer clientId=producer-4] Cluster ID: 9cVBCDMISQu3asP-op2pKw
Synchronous producer completed.
2024-05-19T14:12:36.059+05:30  INFO 21720 --- [o-auto-1-exec-1] o.a.k.clients.producer.KafkaProducer     : [Producer clientId=producer-4] Closing the Kafka producer with timeoutMillis = 9223372036854775807 ms.
2024-05-19T14:12:36.059+05:30  INFO 21720 --- [ad | producer-4] o.a.k.c.p.internals.TransactionManager   : [Producer clientId=producer-4] ProducerId set to 2003 with epoch 0
Asynchronous Produer call success:2024-05-19T14:12:36.070+05:30  INFO 21720 --- [o-auto-1-exec-1] o.apache.kafka.common.metrics.Metrics    : Metrics scheduler closed
2024-05-19T14:12:36.070+05:30  INFO 21720 --- [o-auto-1-exec-1] o.apache.kafka.common.metrics.Metrics    : Closing reporter org.apache.kafka.common.metrics.JmxReporter
2024-05-19T14:12:36.070+05:30  INFO 21720 --- [o-auto-1-exec-1] o.apache.kafka.common.metrics.Metrics    : Metrics reporters closed
2024-05-19T14:12:36.071+05:30  INFO 21720 --- [o-auto-1-exec-1] o.a.kafka.common.utils.AppInfoParser     : App info kafka.producer for producer-4 unregistered
Producer has sent the messageProducer is sending message to consumer, Message is: 4: Hello Ankit, Kafka learning
2024-05-19T14:12:36.072+05:30  INFO 21720 --- [o-auto-1-exec-1] o.a.k.clients.producer.ProducerConfig    : ProducerConfig values: 
	acks = -1
	auto.include.jmx.reporter = true
	batch.size = 16384
	bootstrap.servers = [localhost:9092]
	buffer.memory = 33554432
	client.dns.lookup = use_all_dns_ips
	client.id = producer-5
	compression.type = none
	connections.max.idle.ms = 540000
	delivery.timeout.ms = 120000
	enable.idempotence = true
	interceptor.classes = []
	key.serializer = class org.apache.kafka.common.serialization.StringSerializer
	linger.ms = 0
	max.block.ms = 60000
	max.in.flight.requests.per.connection = 5
	max.request.size = 1048576
	metadata.max.age.ms = 300000
	metadata.max.idle.ms = 300000
	metric.reporters = []
	metrics.num.samples = 2
	metrics.recording.level = INFO
	metrics.sample.window.ms = 30000
	partitioner.adaptive.partitioning.enable = true
	partitioner.availability.timeout.ms = 0
	partitioner.class = null
	partitioner.ignore.keys = false
	receive.buffer.bytes = 32768
	reconnect.backoff.max.ms = 1000
	reconnect.backoff.ms = 50
	request.timeout.ms = 30000
	retries = 2147483647
	retry.backoff.ms = 100
	sasl.client.callback.handler.class = null
	sasl.jaas.config = null
	sasl.kerberos.kinit.cmd = /usr/bin/kinit
	sasl.kerberos.min.time.before.relogin = 60000
	sasl.kerberos.service.name = null
	sasl.kerberos.ticket.renew.jitter = 0.05
	sasl.kerberos.ticket.renew.window.factor = 0.8
	sasl.login.callback.handler.class = null
	sasl.login.class = null
	sasl.login.connect.timeout.ms = null
	sasl.login.read.timeout.ms = null
	sasl.login.refresh.buffer.seconds = 300
	sasl.login.refresh.min.period.seconds = 60
	sasl.login.refresh.window.factor = 0.8
	sasl.login.refresh.window.jitter = 0.05
	sasl.login.retry.backoff.max.ms = 10000
	sasl.login.retry.backoff.ms = 100
	sasl.mechanism = GSSAPI
	sasl.oauthbearer.clock.skew.seconds = 30
	sasl.oauthbearer.expected.audience = null
	sasl.oauthbearer.expected.issuer = null
	sasl.oauthbearer.jwks.endpoint.refresh.ms = 3600000
	sasl.oauthbearer.jwks.endpoint.retry.backoff.max.ms = 10000
	sasl.oauthbearer.jwks.endpoint.retry.backoff.ms = 100
	sasl.oauthbearer.jwks.endpoint.url = null
	sasl.oauthbearer.scope.claim.name = scope
	sasl.oauthbearer.sub.claim.name = sub
	sasl.oauthbearer.token.endpoint.url = null
	security.protocol = PLAINTEXT
	security.providers = null
	send.buffer.bytes = 131072
	socket.connection.setup.timeout.max.ms = 30000
	socket.connection.setup.timeout.ms = 10000
	ssl.cipher.suites = null
	ssl.enabled.protocols = [TLSv1.2, TLSv1.3]
	ssl.endpoint.identification.algorithm = https
	ssl.engine.factory.class = null
	ssl.key.password = null
	ssl.keymanager.algorithm = SunX509
	ssl.keystore.certificate.chain = null
	ssl.keystore.key = null
	ssl.keystore.location = null
	ssl.keystore.password = null
	ssl.keystore.type = JKS
	ssl.protocol = TLSv1.3
	ssl.provider = null
	ssl.secure.random.implementation = null
	ssl.trustmanager.algorithm = PKIX
	ssl.truststore.certificates = null
	ssl.truststore.location = null
	ssl.truststore.password = null
	ssl.truststore.type = JKS
	transaction.timeout.ms = 60000
	transactional.id = null
	value.serializer = class org.apache.kafka.common.serialization.StringSerializer

2024-05-19T14:12:36.073+05:30  INFO 21720 --- [o-auto-1-exec-1] o.a.k.clients.producer.KafkaProducer     : [Producer clientId=producer-5] Instantiated an idempotent producer.
2024-05-19T14:12:36.076+05:30  INFO 21720 --- [o-auto-1-exec-1] o.a.kafka.common.utils.AppInfoParser     : Kafka version: 3.6.1
2024-05-19T14:12:36.076+05:30  INFO 21720 --- [o-auto-1-exec-1] o.a.kafka.common.utils.AppInfoParser     : Kafka commitId: 5e3c2b738d253ff5
2024-05-19T14:12:36.077+05:30  INFO 21720 --- [o-auto-1-exec-1] o.a.kafka.common.utils.AppInfoParser     : Kafka startTimeMs: 1716108156076
2024-05-19T14:12:36.082+05:30  INFO 21720 --- [ad | producer-5] org.apache.kafka.clients.Metadata        : [Producer clientId=producer-5] Cluster ID: 9cVBCDMISQu3asP-op2pKw
Synchronous producer completed.
2024-05-19T14:12:36.083+05:30  INFO 21720 --- [o-auto-1-exec-1] o.a.k.clients.producer.KafkaProducer     : [Producer clientId=producer-5] Closing the Kafka producer with timeoutMillis = 9223372036854775807 ms.
2024-05-19T14:12:36.083+05:30  INFO 21720 --- [ad | producer-5] o.a.k.c.p.internals.TransactionManager   : [Producer clientId=producer-5] ProducerId set to 2004 with epoch 0
Asynchronous Produer call success:2024-05-19T14:12:36.091+05:30  INFO 21720 --- [o-auto-1-exec-1] o.apache.kafka.common.metrics.Metrics    : Metrics scheduler closed
2024-05-19T14:12:36.091+05:30  INFO 21720 --- [o-auto-1-exec-1] o.apache.kafka.common.metrics.Metrics    : Closing reporter org.apache.kafka.common.metrics.JmxReporter
2024-05-19T14:12:36.091+05:30  INFO 21720 --- [o-auto-1-exec-1] o.apache.kafka.common.metrics.Metrics    : Metrics reporters closed
2024-05-19T14:12:36.091+05:30  INFO 21720 --- [o-auto-1-exec-1] o.a.kafka.common.utils.AppInfoParser     : App info kafka.producer for producer-5 unregistered
Producer has sent the messageProducer is sending message to consumer, Message is: 5: Hello Ankit, Kafka learning
2024-05-19T14:12:36.092+05:30  INFO 21720 --- [o-auto-1-exec-1] o.a.k.clients.producer.ProducerConfig    : ProducerConfig values: 
	acks = -1
	auto.include.jmx.reporter = true
	batch.size = 16384
	bootstrap.servers = [localhost:9092]
	buffer.memory = 33554432
	client.dns.lookup = use_all_dns_ips
	client.id = producer-6
	compression.type = none
	connections.max.idle.ms = 540000
	delivery.timeout.ms = 120000
	enable.idempotence = true
	interceptor.classes = []
	key.serializer = class org.apache.kafka.common.serialization.StringSerializer
	linger.ms = 0
	max.block.ms = 60000
	max.in.flight.requests.per.connection = 5
	max.request.size = 1048576
	metadata.max.age.ms = 300000
	metadata.max.idle.ms = 300000
	metric.reporters = []
	metrics.num.samples = 2
	metrics.recording.level = INFO
	metrics.sample.window.ms = 30000
	partitioner.adaptive.partitioning.enable = true
	partitioner.availability.timeout.ms = 0
	partitioner.class = null
	partitioner.ignore.keys = false
	receive.buffer.bytes = 32768
	reconnect.backoff.max.ms = 1000
	reconnect.backoff.ms = 50
	request.timeout.ms = 30000
	retries = 2147483647
	retry.backoff.ms = 100
	sasl.client.callback.handler.class = null
	sasl.jaas.config = null
	sasl.kerberos.kinit.cmd = /usr/bin/kinit
	sasl.kerberos.min.time.before.relogin = 60000
	sasl.kerberos.service.name = null
	sasl.kerberos.ticket.renew.jitter = 0.05
	sasl.kerberos.ticket.renew.window.factor = 0.8
	sasl.login.callback.handler.class = null
	sasl.login.class = null
	sasl.login.connect.timeout.ms = null
	sasl.login.read.timeout.ms = null
	sasl.login.refresh.buffer.seconds = 300
	sasl.login.refresh.min.period.seconds = 60
	sasl.login.refresh.window.factor = 0.8
	sasl.login.refresh.window.jitter = 0.05
	sasl.login.retry.backoff.max.ms = 10000
	sasl.login.retry.backoff.ms = 100
	sasl.mechanism = GSSAPI
	sasl.oauthbearer.clock.skew.seconds = 30
	sasl.oauthbearer.expected.audience = null
	sasl.oauthbearer.expected.issuer = null
	sasl.oauthbearer.jwks.endpoint.refresh.ms = 3600000
	sasl.oauthbearer.jwks.endpoint.retry.backoff.max.ms = 10000
	sasl.oauthbearer.jwks.endpoint.retry.backoff.ms = 100
	sasl.oauthbearer.jwks.endpoint.url = null
	sasl.oauthbearer.scope.claim.name = scope
	sasl.oauthbearer.sub.claim.name = sub
	sasl.oauthbearer.token.endpoint.url = null
	security.protocol = PLAINTEXT
	security.providers = null
	send.buffer.bytes = 131072
	socket.connection.setup.timeout.max.ms = 30000
	socket.connection.setup.timeout.ms = 10000
	ssl.cipher.suites = null
	ssl.enabled.protocols = [TLSv1.2, TLSv1.3]
	ssl.endpoint.identification.algorithm = https
	ssl.engine.factory.class = null
	ssl.key.password = null
	ssl.keymanager.algorithm = SunX509
	ssl.keystore.certificate.chain = null
	ssl.keystore.key = null
	ssl.keystore.location = null
	ssl.keystore.password = null
	ssl.keystore.type = JKS
	ssl.protocol = TLSv1.3
	ssl.provider = null
	ssl.secure.random.implementation = null
	ssl.trustmanager.algorithm = PKIX
	ssl.truststore.certificates = null
	ssl.truststore.location = null
	ssl.truststore.password = null
	ssl.truststore.type = JKS
	transaction.timeout.ms = 60000
	transactional.id = null
	value.serializer = class org.apache.kafka.common.serialization.StringSerializer

2024-05-19T14:12:36.092+05:30  INFO 21720 --- [o-auto-1-exec-1] o.a.k.clients.producer.KafkaProducer     : [Producer clientId=producer-6] Instantiated an idempotent producer.
2024-05-19T14:12:36.095+05:30  INFO 21720 --- [o-auto-1-exec-1] o.a.kafka.common.utils.AppInfoParser     : Kafka version: 3.6.1
2024-05-19T14:12:36.096+05:30  INFO 21720 --- [o-auto-1-exec-1] o.a.kafka.common.utils.AppInfoParser     : Kafka commitId: 5e3c2b738d253ff5
2024-05-19T14:12:36.096+05:30  INFO 21720 --- [o-auto-1-exec-1] o.a.kafka.common.utils.AppInfoParser     : Kafka startTimeMs: 1716108156095
2024-05-19T14:12:36.101+05:30  INFO 21720 --- [ad | producer-6] org.apache.kafka.clients.Metadata        : [Producer clientId=producer-6] Cluster ID: 9cVBCDMISQu3asP-op2pKw
2024-05-19T14:12:36.101+05:30  INFO 21720 --- [ad | producer-6] o.a.k.c.p.internals.TransactionManager   : [Producer clientId=producer-6] ProducerId set to 2005 with epoch 0
Synchronous producer completed.
2024-05-19T14:12:36.101+05:30  INFO 21720 --- [o-auto-1-exec-1] o.a.k.clients.producer.KafkaProducer     : [Producer clientId=producer-6] Closing the Kafka producer with timeoutMillis = 9223372036854775807 ms.
Asynchronous Produer call success:2024-05-19T14:12:36.138+05:30  INFO 21720 --- [o-auto-1-exec-1] o.apache.kafka.common.metrics.Metrics    : Metrics scheduler closed
2024-05-19T14:12:36.139+05:30  INFO 21720 --- [o-auto-1-exec-1] o.apache.kafka.common.metrics.Metrics    : Closing reporter org.apache.kafka.common.metrics.JmxReporter
2024-05-19T14:12:36.139+05:30  INFO 21720 --- [o-auto-1-exec-1] o.apache.kafka.common.metrics.Metrics    : Metrics reporters closed
2024-05-19T14:12:36.139+05:30  INFO 21720 --- [o-auto-1-exec-1] o.a.kafka.common.utils.AppInfoParser     : App info kafka.producer for producer-6 unregistered
Producer has sent the messageProducer is sending message to consumer, Message is: 6: Hello Ankit, Kafka learning
2024-05-19T14:12:36.140+05:30  INFO 21720 --- [o-auto-1-exec-1] o.a.k.clients.producer.ProducerConfig    : ProducerConfig values: 
	acks = -1
	auto.include.jmx.reporter = true
	batch.size = 16384
	bootstrap.servers = [localhost:9092]
	buffer.memory = 33554432
	client.dns.lookup = use_all_dns_ips
	client.id = producer-7
	compression.type = none
	connections.max.idle.ms = 540000
	delivery.timeout.ms = 120000
	enable.idempotence = true
	interceptor.classes = []
	key.serializer = class org.apache.kafka.common.serialization.StringSerializer
	linger.ms = 0
	max.block.ms = 60000
	max.in.flight.requests.per.connection = 5
	max.request.size = 1048576
	metadata.max.age.ms = 300000
	metadata.max.idle.ms = 300000
	metric.reporters = []
	metrics.num.samples = 2
	metrics.recording.level = INFO
	metrics.sample.window.ms = 30000
	partitioner.adaptive.partitioning.enable = true
	partitioner.availability.timeout.ms = 0
	partitioner.class = null
	partitioner.ignore.keys = false
	receive.buffer.bytes = 32768
	reconnect.backoff.max.ms = 1000
	reconnect.backoff.ms = 50
	request.timeout.ms = 30000
	retries = 2147483647
	retry.backoff.ms = 100
	sasl.client.callback.handler.class = null
	sasl.jaas.config = null
	sasl.kerberos.kinit.cmd = /usr/bin/kinit
	sasl.kerberos.min.time.before.relogin = 60000
	sasl.kerberos.service.name = null
	sasl.kerberos.ticket.renew.jitter = 0.05
	sasl.kerberos.ticket.renew.window.factor = 0.8
	sasl.login.callback.handler.class = null
	sasl.login.class = null
	sasl.login.connect.timeout.ms = null
	sasl.login.read.timeout.ms = null
	sasl.login.refresh.buffer.seconds = 300
	sasl.login.refresh.min.period.seconds = 60
	sasl.login.refresh.window.factor = 0.8
	sasl.login.refresh.window.jitter = 0.05
	sasl.login.retry.backoff.max.ms = 10000
	sasl.login.retry.backoff.ms = 100
	sasl.mechanism = GSSAPI
	sasl.oauthbearer.clock.skew.seconds = 30
	sasl.oauthbearer.expected.audience = null
	sasl.oauthbearer.expected.issuer = null
	sasl.oauthbearer.jwks.endpoint.refresh.ms = 3600000
	sasl.oauthbearer.jwks.endpoint.retry.backoff.max.ms = 10000
	sasl.oauthbearer.jwks.endpoint.retry.backoff.ms = 100
	sasl.oauthbearer.jwks.endpoint.url = null
	sasl.oauthbearer.scope.claim.name = scope
	sasl.oauthbearer.sub.claim.name = sub
	sasl.oauthbearer.token.endpoint.url = null
	security.protocol = PLAINTEXT
	security.providers = null
	send.buffer.bytes = 131072
	socket.connection.setup.timeout.max.ms = 30000
	socket.connection.setup.timeout.ms = 10000
	ssl.cipher.suites = null
	ssl.enabled.protocols = [TLSv1.2, TLSv1.3]
	ssl.endpoint.identification.algorithm = https
	ssl.engine.factory.class = null
	ssl.key.password = null
	ssl.keymanager.algorithm = SunX509
	ssl.keystore.certificate.chain = null
	ssl.keystore.key = null
	ssl.keystore.location = null
	ssl.keystore.password = null
	ssl.keystore.type = JKS
	ssl.protocol = TLSv1.3
	ssl.provider = null
	ssl.secure.random.implementation = null
	ssl.trustmanager.algorithm = PKIX
	ssl.truststore.certificates = null
	ssl.truststore.location = null
	ssl.truststore.password = null
	ssl.truststore.type = JKS
	transaction.timeout.ms = 60000
	transactional.id = null
	value.serializer = class org.apache.kafka.common.serialization.StringSerializer

2024-05-19T14:12:36.141+05:30  INFO 21720 --- [o-auto-1-exec-1] o.a.k.clients.producer.KafkaProducer     : [Producer clientId=producer-7] Instantiated an idempotent producer.
2024-05-19T14:12:36.143+05:30  INFO 21720 --- [o-auto-1-exec-1] o.a.kafka.common.utils.AppInfoParser     : Kafka version: 3.6.1
2024-05-19T14:12:36.143+05:30  INFO 21720 --- [o-auto-1-exec-1] o.a.kafka.common.utils.AppInfoParser     : Kafka commitId: 5e3c2b738d253ff5
2024-05-19T14:12:36.143+05:30  INFO 21720 --- [o-auto-1-exec-1] o.a.kafka.common.utils.AppInfoParser     : Kafka startTimeMs: 1716108156143
2024-05-19T14:12:36.148+05:30  INFO 21720 --- [ad | producer-7] org.apache.kafka.clients.Metadata        : [Producer clientId=producer-7] Cluster ID: 9cVBCDMISQu3asP-op2pKw
Synchronous producer completed.
2024-05-19T14:12:36.148+05:30  INFO 21720 --- [o-auto-1-exec-1] o.a.k.clients.producer.KafkaProducer     : [Producer clientId=producer-7] Closing the Kafka producer with timeoutMillis = 9223372036854775807 ms.
2024-05-19T14:12:36.150+05:30  INFO 21720 --- [ad | producer-7] o.a.k.c.p.internals.TransactionManager   : [Producer clientId=producer-7] ProducerId set to 2006 with epoch 0
Asynchronous Produer call success:2024-05-19T14:12:36.156+05:30  INFO 21720 --- [o-auto-1-exec-1] o.apache.kafka.common.metrics.Metrics    : Metrics scheduler closed
2024-05-19T14:12:36.156+05:30  INFO 21720 --- [o-auto-1-exec-1] o.apache.kafka.common.metrics.Metrics    : Closing reporter org.apache.kafka.common.metrics.JmxReporter
2024-05-19T14:12:36.156+05:30  INFO 21720 --- [o-auto-1-exec-1] o.apache.kafka.common.metrics.Metrics    : Metrics reporters closed
2024-05-19T14:12:36.156+05:30  INFO 21720 --- [o-auto-1-exec-1] o.a.kafka.common.utils.AppInfoParser     : App info kafka.producer for producer-7 unregistered
Producer has sent the messageProducer is sending message to consumer, Message is: 7: Hello Ankit, Kafka learning
2024-05-19T14:12:36.156+05:30  INFO 21720 --- [o-auto-1-exec-1] o.a.k.clients.producer.ProducerConfig    : ProducerConfig values: 
	acks = -1
	auto.include.jmx.reporter = true
	batch.size = 16384
	bootstrap.servers = [localhost:9092]
	buffer.memory = 33554432
	client.dns.lookup = use_all_dns_ips
	client.id = producer-8
	compression.type = none
	connections.max.idle.ms = 540000
	delivery.timeout.ms = 120000
	enable.idempotence = true
	interceptor.classes = []
	key.serializer = class org.apache.kafka.common.serialization.StringSerializer
	linger.ms = 0
	max.block.ms = 60000
	max.in.flight.requests.per.connection = 5
	max.request.size = 1048576
	metadata.max.age.ms = 300000
	metadata.max.idle.ms = 300000
	metric.reporters = []
	metrics.num.samples = 2
	metrics.recording.level = INFO
	metrics.sample.window.ms = 30000
	partitioner.adaptive.partitioning.enable = true
	partitioner.availability.timeout.ms = 0
	partitioner.class = null
	partitioner.ignore.keys = false
	receive.buffer.bytes = 32768
	reconnect.backoff.max.ms = 1000
	reconnect.backoff.ms = 50
	request.timeout.ms = 30000
	retries = 2147483647
	retry.backoff.ms = 100
	sasl.client.callback.handler.class = null
	sasl.jaas.config = null
	sasl.kerberos.kinit.cmd = /usr/bin/kinit
	sasl.kerberos.min.time.before.relogin = 60000
	sasl.kerberos.service.name = null
	sasl.kerberos.ticket.renew.jitter = 0.05
	sasl.kerberos.ticket.renew.window.factor = 0.8
	sasl.login.callback.handler.class = null
	sasl.login.class = null
	sasl.login.connect.timeout.ms = null
	sasl.login.read.timeout.ms = null
	sasl.login.refresh.buffer.seconds = 300
	sasl.login.refresh.min.period.seconds = 60
	sasl.login.refresh.window.factor = 0.8
	sasl.login.refresh.window.jitter = 0.05
	sasl.login.retry.backoff.max.ms = 10000
	sasl.login.retry.backoff.ms = 100
	sasl.mechanism = GSSAPI
	sasl.oauthbearer.clock.skew.seconds = 30
	sasl.oauthbearer.expected.audience = null
	sasl.oauthbearer.expected.issuer = null
	sasl.oauthbearer.jwks.endpoint.refresh.ms = 3600000
	sasl.oauthbearer.jwks.endpoint.retry.backoff.max.ms = 10000
	sasl.oauthbearer.jwks.endpoint.retry.backoff.ms = 100
	sasl.oauthbearer.jwks.endpoint.url = null
	sasl.oauthbearer.scope.claim.name = scope
	sasl.oauthbearer.sub.claim.name = sub
	sasl.oauthbearer.token.endpoint.url = null
	security.protocol = PLAINTEXT
	security.providers = null
	send.buffer.bytes = 131072
	socket.connection.setup.timeout.max.ms = 30000
	socket.connection.setup.timeout.ms = 10000
	ssl.cipher.suites = null
	ssl.enabled.protocols = [TLSv1.2, TLSv1.3]
	ssl.endpoint.identification.algorithm = https
	ssl.engine.factory.class = null
	ssl.key.password = null
	ssl.keymanager.algorithm = SunX509
	ssl.keystore.certificate.chain = null
	ssl.keystore.key = null
	ssl.keystore.location = null
	ssl.keystore.password = null
	ssl.keystore.type = JKS
	ssl.protocol = TLSv1.3
	ssl.provider = null
	ssl.secure.random.implementation = null
	ssl.trustmanager.algorithm = PKIX
	ssl.truststore.certificates = null
	ssl.truststore.location = null
	ssl.truststore.password = null
	ssl.truststore.type = JKS
	transaction.timeout.ms = 60000
	transactional.id = null
	value.serializer = class org.apache.kafka.common.serialization.StringSerializer

2024-05-19T14:12:36.157+05:30  INFO 21720 --- [o-auto-1-exec-1] o.a.k.clients.producer.KafkaProducer     : [Producer clientId=producer-8] Instantiated an idempotent producer.
2024-05-19T14:12:36.161+05:30  INFO 21720 --- [o-auto-1-exec-1] o.a.kafka.common.utils.AppInfoParser     : Kafka version: 3.6.1
2024-05-19T14:12:36.161+05:30  INFO 21720 --- [o-auto-1-exec-1] o.a.kafka.common.utils.AppInfoParser     : Kafka commitId: 5e3c2b738d253ff5
2024-05-19T14:12:36.161+05:30  INFO 21720 --- [o-auto-1-exec-1] o.a.kafka.common.utils.AppInfoParser     : Kafka startTimeMs: 1716108156161
2024-05-19T14:12:36.166+05:30  INFO 21720 --- [ad | producer-8] org.apache.kafka.clients.Metadata        : [Producer clientId=producer-8] Cluster ID: 9cVBCDMISQu3asP-op2pKw
2024-05-19T14:12:36.166+05:30  INFO 21720 --- [ad | producer-8] o.a.k.c.p.internals.TransactionManager   : [Producer clientId=producer-8] ProducerId set to 2007 with epoch 0
Synchronous producer completed.
2024-05-19T14:12:36.167+05:30  INFO 21720 --- [o-auto-1-exec-1] o.a.k.clients.producer.KafkaProducer     : [Producer clientId=producer-8] Closing the Kafka producer with timeoutMillis = 9223372036854775807 ms.
Asynchronous Produer call success:2024-05-19T14:12:36.177+05:30  INFO 21720 --- [o-auto-1-exec-1] o.apache.kafka.common.metrics.Metrics    : Metrics scheduler closed
2024-05-19T14:12:36.177+05:30  INFO 21720 --- [o-auto-1-exec-1] o.apache.kafka.common.metrics.Metrics    : Closing reporter org.apache.kafka.common.metrics.JmxReporter
2024-05-19T14:12:36.178+05:30  INFO 21720 --- [o-auto-1-exec-1] o.apache.kafka.common.metrics.Metrics    : Metrics reporters closed
2024-05-19T14:12:36.179+05:30  INFO 21720 --- [o-auto-1-exec-1] o.a.kafka.common.utils.AppInfoParser     : App info kafka.producer for producer-8 unregistered
Producer has sent the messageProducer is sending message to consumer, Message is: 8: Hello Ankit, Kafka learning
2024-05-19T14:12:36.179+05:30  INFO 21720 --- [o-auto-1-exec-1] o.a.k.clients.producer.ProducerConfig    : ProducerConfig values: 
	acks = -1
	auto.include.jmx.reporter = true
	batch.size = 16384
	bootstrap.servers = [localhost:9092]
	buffer.memory = 33554432
	client.dns.lookup = use_all_dns_ips
	client.id = producer-9
	compression.type = none
	connections.max.idle.ms = 540000
	delivery.timeout.ms = 120000
	enable.idempotence = true
	interceptor.classes = []
	key.serializer = class org.apache.kafka.common.serialization.StringSerializer
	linger.ms = 0
	max.block.ms = 60000
	max.in.flight.requests.per.connection = 5
	max.request.size = 1048576
	metadata.max.age.ms = 300000
	metadata.max.idle.ms = 300000
	metric.reporters = []
	metrics.num.samples = 2
	metrics.recording.level = INFO
	metrics.sample.window.ms = 30000
	partitioner.adaptive.partitioning.enable = true
	partitioner.availability.timeout.ms = 0
	partitioner.class = null
	partitioner.ignore.keys = false
	receive.buffer.bytes = 32768
	reconnect.backoff.max.ms = 1000
	reconnect.backoff.ms = 50
	request.timeout.ms = 30000
	retries = 2147483647
	retry.backoff.ms = 100
	sasl.client.callback.handler.class = null
	sasl.jaas.config = null
	sasl.kerberos.kinit.cmd = /usr/bin/kinit
	sasl.kerberos.min.time.before.relogin = 60000
	sasl.kerberos.service.name = null
	sasl.kerberos.ticket.renew.jitter = 0.05
	sasl.kerberos.ticket.renew.window.factor = 0.8
	sasl.login.callback.handler.class = null
	sasl.login.class = null
	sasl.login.connect.timeout.ms = null
	sasl.login.read.timeout.ms = null
	sasl.login.refresh.buffer.seconds = 300
	sasl.login.refresh.min.period.seconds = 60
	sasl.login.refresh.window.factor = 0.8
	sasl.login.refresh.window.jitter = 0.05
	sasl.login.retry.backoff.max.ms = 10000
	sasl.login.retry.backoff.ms = 100
	sasl.mechanism = GSSAPI
	sasl.oauthbearer.clock.skew.seconds = 30
	sasl.oauthbearer.expected.audience = null
	sasl.oauthbearer.expected.issuer = null
	sasl.oauthbearer.jwks.endpoint.refresh.ms = 3600000
	sasl.oauthbearer.jwks.endpoint.retry.backoff.max.ms = 10000
	sasl.oauthbearer.jwks.endpoint.retry.backoff.ms = 100
	sasl.oauthbearer.jwks.endpoint.url = null
	sasl.oauthbearer.scope.claim.name = scope
	sasl.oauthbearer.sub.claim.name = sub
	sasl.oauthbearer.token.endpoint.url = null
	security.protocol = PLAINTEXT
	security.providers = null
	send.buffer.bytes = 131072
	socket.connection.setup.timeout.max.ms = 30000
	socket.connection.setup.timeout.ms = 10000
	ssl.cipher.suites = null
	ssl.enabled.protocols = [TLSv1.2, TLSv1.3]
	ssl.endpoint.identification.algorithm = https
	ssl.engine.factory.class = null
	ssl.key.password = null
	ssl.keymanager.algorithm = SunX509
	ssl.keystore.certificate.chain = null
	ssl.keystore.key = null
	ssl.keystore.location = null
	ssl.keystore.password = null
	ssl.keystore.type = JKS
	ssl.protocol = TLSv1.3
	ssl.provider = null
	ssl.secure.random.implementation = null
	ssl.trustmanager.algorithm = PKIX
	ssl.truststore.certificates = null
	ssl.truststore.location = null
	ssl.truststore.password = null
	ssl.truststore.type = JKS
	transaction.timeout.ms = 60000
	transactional.id = null
	value.serializer = class org.apache.kafka.common.serialization.StringSerializer

2024-05-19T14:12:36.181+05:30  INFO 21720 --- [o-auto-1-exec-1] o.a.k.clients.producer.KafkaProducer     : [Producer clientId=producer-9] Instantiated an idempotent producer.
2024-05-19T14:12:36.185+05:30  INFO 21720 --- [o-auto-1-exec-1] o.a.kafka.common.utils.AppInfoParser     : Kafka version: 3.6.1
2024-05-19T14:12:36.186+05:30  INFO 21720 --- [o-auto-1-exec-1] o.a.kafka.common.utils.AppInfoParser     : Kafka commitId: 5e3c2b738d253ff5
2024-05-19T14:12:36.186+05:30  INFO 21720 --- [o-auto-1-exec-1] o.a.kafka.common.utils.AppInfoParser     : Kafka startTimeMs: 1716108156185
2024-05-19T14:12:36.192+05:30  INFO 21720 --- [ad | producer-9] org.apache.kafka.clients.Metadata        : [Producer clientId=producer-9] Cluster ID: 9cVBCDMISQu3asP-op2pKw
2024-05-19T14:12:36.192+05:30  INFO 21720 --- [ad | producer-9] o.a.k.c.p.internals.TransactionManager   : [Producer clientId=producer-9] ProducerId set to 2008 with epoch 0
Synchronous producer completed.
2024-05-19T14:12:36.192+05:30  INFO 21720 --- [o-auto-1-exec-1] o.a.k.clients.producer.KafkaProducer     : [Producer clientId=producer-9] Closing the Kafka producer with timeoutMillis = 9223372036854775807 ms.
Asynchronous Produer call success:2024-05-19T14:12:36.200+05:30  INFO 21720 --- [o-auto-1-exec-1] o.apache.kafka.common.metrics.Metrics    : Metrics scheduler closed
2024-05-19T14:12:36.200+05:30  INFO 21720 --- [o-auto-1-exec-1] o.apache.kafka.common.metrics.Metrics    : Closing reporter org.apache.kafka.common.metrics.JmxReporter
2024-05-19T14:12:36.200+05:30  INFO 21720 --- [o-auto-1-exec-1] o.apache.kafka.common.metrics.Metrics    : Metrics reporters closed
2024-05-19T14:12:36.200+05:30  INFO 21720 --- [o-auto-1-exec-1] o.a.kafka.common.utils.AppInfoParser     : App info kafka.producer for producer-9 unregistered
Producer has sent the messageProducer is sending message to consumer, Message is: 9: Hello Ankit, Kafka learning
2024-05-19T14:12:36.200+05:30  INFO 21720 --- [o-auto-1-exec-1] o.a.k.clients.producer.ProducerConfig    : ProducerConfig values: 
	acks = -1
	auto.include.jmx.reporter = true
	batch.size = 16384
	bootstrap.servers = [localhost:9092]
	buffer.memory = 33554432
	client.dns.lookup = use_all_dns_ips
	client.id = producer-10
	compression.type = none
	connections.max.idle.ms = 540000
	delivery.timeout.ms = 120000
	enable.idempotence = true
	interceptor.classes = []
	key.serializer = class org.apache.kafka.common.serialization.StringSerializer
	linger.ms = 0
	max.block.ms = 60000
	max.in.flight.requests.per.connection = 5
	max.request.size = 1048576
	metadata.max.age.ms = 300000
	metadata.max.idle.ms = 300000
	metric.reporters = []
	metrics.num.samples = 2
	metrics.recording.level = INFO
	metrics.sample.window.ms = 30000
	partitioner.adaptive.partitioning.enable = true
	partitioner.availability.timeout.ms = 0
	partitioner.class = null
	partitioner.ignore.keys = false
	receive.buffer.bytes = 32768
	reconnect.backoff.max.ms = 1000
	reconnect.backoff.ms = 50
	request.timeout.ms = 30000
	retries = 2147483647
	retry.backoff.ms = 100
	sasl.client.callback.handler.class = null
	sasl.jaas.config = null
	sasl.kerberos.kinit.cmd = /usr/bin/kinit
	sasl.kerberos.min.time.before.relogin = 60000
	sasl.kerberos.service.name = null
	sasl.kerberos.ticket.renew.jitter = 0.05
	sasl.kerberos.ticket.renew.window.factor = 0.8
	sasl.login.callback.handler.class = null
	sasl.login.class = null
	sasl.login.connect.timeout.ms = null
	sasl.login.read.timeout.ms = null
	sasl.login.refresh.buffer.seconds = 300
	sasl.login.refresh.min.period.seconds = 60
	sasl.login.refresh.window.factor = 0.8
	sasl.login.refresh.window.jitter = 0.05
	sasl.login.retry.backoff.max.ms = 10000
	sasl.login.retry.backoff.ms = 100
	sasl.mechanism = GSSAPI
	sasl.oauthbearer.clock.skew.seconds = 30
	sasl.oauthbearer.expected.audience = null
	sasl.oauthbearer.expected.issuer = null
	sasl.oauthbearer.jwks.endpoint.refresh.ms = 3600000
	sasl.oauthbearer.jwks.endpoint.retry.backoff.max.ms = 10000
	sasl.oauthbearer.jwks.endpoint.retry.backoff.ms = 100
	sasl.oauthbearer.jwks.endpoint.url = null
	sasl.oauthbearer.scope.claim.name = scope
	sasl.oauthbearer.sub.claim.name = sub
	sasl.oauthbearer.token.endpoint.url = null
	security.protocol = PLAINTEXT
	security.providers = null
	send.buffer.bytes = 131072
	socket.connection.setup.timeout.max.ms = 30000
	socket.connection.setup.timeout.ms = 10000
	ssl.cipher.suites = null
	ssl.enabled.protocols = [TLSv1.2, TLSv1.3]
	ssl.endpoint.identification.algorithm = https
	ssl.engine.factory.class = null
	ssl.key.password = null
	ssl.keymanager.algorithm = SunX509
	ssl.keystore.certificate.chain = null
	ssl.keystore.key = null
	ssl.keystore.location = null
	ssl.keystore.password = null
	ssl.keystore.type = JKS
	ssl.protocol = TLSv1.3
	ssl.provider = null
	ssl.secure.random.implementation = null
	ssl.trustmanager.algorithm = PKIX
	ssl.truststore.certificates = null
	ssl.truststore.location = null
	ssl.truststore.password = null
	ssl.truststore.type = JKS
	transaction.timeout.ms = 60000
	transactional.id = null
	value.serializer = class org.apache.kafka.common.serialization.StringSerializer

2024-05-19T14:12:36.201+05:30  INFO 21720 --- [o-auto-1-exec-1] o.a.k.clients.producer.KafkaProducer     : [Producer clientId=producer-10] Instantiated an idempotent producer.
2024-05-19T14:12:36.202+05:30  INFO 21720 --- [o-auto-1-exec-1] o.a.kafka.common.utils.AppInfoParser     : Kafka version: 3.6.1
2024-05-19T14:12:36.202+05:30  INFO 21720 --- [o-auto-1-exec-1] o.a.kafka.common.utils.AppInfoParser     : Kafka commitId: 5e3c2b738d253ff5
2024-05-19T14:12:36.202+05:30  INFO 21720 --- [o-auto-1-exec-1] o.a.kafka.common.utils.AppInfoParser     : Kafka startTimeMs: 1716108156202
2024-05-19T14:12:36.207+05:30  INFO 21720 --- [d | producer-10] org.apache.kafka.clients.Metadata        : [Producer clientId=producer-10] Cluster ID: 9cVBCDMISQu3asP-op2pKw
Synchronous producer completed.
2024-05-19T14:12:36.208+05:30  INFO 21720 --- [o-auto-1-exec-1] o.a.k.clients.producer.KafkaProducer     : [Producer clientId=producer-10] Closing the Kafka producer with timeoutMillis = 9223372036854775807 ms.
2024-05-19T14:12:36.208+05:30  INFO 21720 --- [d | producer-10] o.a.k.c.p.internals.TransactionManager   : [Producer clientId=producer-10] ProducerId set to 2009 with epoch 0
Asynchronous Produer call success:2024-05-19T14:12:36.216+05:30  INFO 21720 --- [o-auto-1-exec-1] o.apache.kafka.common.metrics.Metrics    : Metrics scheduler closed
2024-05-19T14:12:36.216+05:30  INFO 21720 --- [o-auto-1-exec-1] o.apache.kafka.common.metrics.Metrics    : Closing reporter org.apache.kafka.common.metrics.JmxReporter
2024-05-19T14:12:36.216+05:30  INFO 21720 --- [o-auto-1-exec-1] o.apache.kafka.common.metrics.Metrics    : Metrics reporters closed
2024-05-19T14:12:36.216+05:30  INFO 21720 --- [o-auto-1-exec-1] o.a.kafka.common.utils.AppInfoParser     : App info kafka.producer for producer-10 unregistered
Producer has sent the message]]></system-out>
  </testcase>
  <testcase name="contextLoads" classname="learn.kafka.ApplicationTest" time="0.005"/>
</testsuite>